[18:03:51] [ServerMain/INFO]: Environment: authHost='https://authserver.mojang.com', accountsHost='https://api.mojang.com', sessionHost='https://sessionserver.mojang.com', servicesHost='https://api.minecraftservices.com', name='PROD'
[18:03:52] [ServerMain/INFO]: Loaded 7 recipes
[18:03:53] [ServerMain/INFO]: Loaded 1179 advancements
[18:03:53] [Server thread/INFO]: Starting minecraft server version 1.19.4
[18:03:53] [Server thread/INFO]: Loading properties
[18:03:53] [Server thread/INFO]: Default game type: SURVIVAL
[18:03:53] [Server thread/INFO]: Generating keypair
[18:03:53] [Server thread/INFO]: Starting Minecraft server on *:25565
[18:03:53] [Server thread/INFO]: Using default channel type
[18:03:53] [Server thread/WARN]: **** SERVER IS RUNNING IN OFFLINE/INSECURE MODE!
[18:03:53] [Server thread/WARN]: The server will make no attempt to authenticate usernames. Beware.
[18:03:53] [Server thread/WARN]: While this makes the game possible to play without internet access, it also opens up the ability for hackers to connect with any username they choose.
[18:03:53] [Server thread/WARN]: To change this, set "online-mode" to "true" in the server.properties file.
[18:03:53] [Server thread/INFO]: Preparing level "world"
[18:03:54] [Server thread/INFO]: Preparing start region for dimension minecraft:overworld
[18:03:56] [Worker-Main-10/INFO]: Preparing spawn area: 0%
[18:03:56] [Worker-Main-10/INFO]: Preparing spawn area: 0%
[18:03:56] [Worker-Main-10/INFO]: Preparing spawn area: 0%
[18:03:56] [Worker-Main-6/INFO]: Preparing spawn area: 0%
[18:03:56] [Worker-Main-10/INFO]: Preparing spawn area: 0%
[18:03:57] [Worker-Main-6/INFO]: Preparing spawn area: 42%
[18:03:57] [Server thread/INFO]: Time elapsed: 2767 ms
[18:03:57] [Server thread/INFO]: Done (3.498s)! For help, type "help"
[18:06:42] [Server thread/INFO]: Kovid63[/127.0.0.1:51127] logged in with entity id 8 at (-1095.004754271358, 68.0, -1832.8548777611825)
[18:06:42] [Server thread/INFO]: Kovid63 joined the game
[18:07:25] [Server thread/INFO]: Made Kovid63 a server operator
[18:07:35] [Server thread/INFO]: [Kovid63: Set own game mode to Creative Mode]
[18:29:04] [Server thread/INFO]: Villager bxz['Farmer'/2740, l='ServerLevel[world]', x=-1079.45, y=68.00, z=-1819.68] died, message: 'Farmer was slain by Kovid63'
[18:30:27] [Server thread/INFO]: Villager bxz['Farmer'/2502, l='ServerLevel[world]', x=-1093.92, y=68.00, z=-1835.30] died, message: 'Farmer was slain by Kovid63'
[18:30:31] [Server thread/INFO]: Villager bxz['Villager'/2926, l='ServerLevel[world]', x=-1093.30, y=68.00, z=-1835.30] died, message: 'Villager was slain by Kovid63'
[18:30:39] [Server thread/INFO]: Villager bxz['Villager'/3137, l='ServerLevel[world]', x=-1093.30, y=68.00, z=-1833.57] died, message: 'Villager was slain by Kovid63'
[18:33:42] [Server thread/INFO]: Villager bxz['Villager'/3244, l='ServerLevel[world]', x=-1093.51, y=68.00, z=-1835.30] died, message: 'Villager was slain by Kovid63'
[18:34:09] [Server thread/INFO]: Villager bxz['Villager'/3887, l='ServerLevel[world]', x=-1101.70, y=68.00, z=-1843.70] died, message: 'Villager was slain by Kovid63'
[18:36:30] [Server thread/INFO]: Villager bxz['Villager'/3878, l='ServerLevel[world]', x=-1093.30, y=67.94, z=-1835.30] died, message: 'Villager was slain by Kovid63'
[18:37:14] [Server thread/INFO]: Villager bxz['Villager'/4250, l='ServerLevel[world]', x=-1094.47, y=67.94, z=-1837.34] died, message: 'Villager was slain by Kovid63'
[18:37:21] [Server thread/INFO]: Villager bxz['Villager'/4296, l='ServerLevel[world]', x=-1093.77, y=68.00, z=-1835.30] died, message: 'Villager was slain by Kovid63'
[18:37:22] [Server thread/INFO]: Villager bxz['Villager'/4284, l='ServerLevel[world]', x=-1093.30, y=68.00, z=-1835.30] died, message: 'Villager was slain by Kovid63'
[18:37:24] [Server thread/INFO]: Villager bxz['Villager'/4303, l='ServerLevel[world]', x=-1093.30, y=68.00, z=-1835.30] died, message: 'Villager was slain by Kovid63'
[18:37:26] [Server thread/INFO]: Villager bxz['Villager'/4274, l='ServerLevel[world]', x=-1093.30, y=68.00, z=-1835.30] died, message: 'Villager was slain by Kovid63'
[18:37:43] [Server thread/INFO]: Villager bxz['Villager'/4297, l='ServerLevel[world]', x=-1093.86, y=67.94, z=-1835.30] died, message: 'Villager was slain by Kovid63'
[18:37:44] [Server thread/INFO]: Villager bxz['Villager'/4302, l='ServerLevel[world]', x=-1093.30, y=68.00, z=-1835.50] died, message: 'Villager was slain by Kovid63'
[18:40:56] [Server thread/INFO]: Villager bxz['Villager'/4475, l='ServerLevel[world]', x=-1093.30, y=68.00, z=-1835.30] died, message: 'Villager was slain by Kovid63'
[19:30:44] [Server thread/INFO]: Villager bxz['Farmer'/2922, l='ServerLevel[world]', x=-1094.06, y=68.00, z=-1835.30] died, message: 'Farmer was slain by Kovid63'
[19:30:59] [Server thread/INFO]: Villager bxz['Farmer'/4868, l='ServerLevel[world]', x=-1084.89, y=67.94, z=-1841.20] died, message: 'Farmer was slain by Kovid63'
[19:31:06] [Server thread/INFO]: Villager bxz['Farmer'/3189, l='ServerLevel[world]', x=-1091.51, y=67.94, z=-1835.30] died, message: 'Farmer was slain by Kovid63'
[19:32:14] [Server thread/INFO]: Villager bxz['Villager'/11687, l='ServerLevel[world]', x=-1084.60, y=68.00, z=-1841.41] died, message: 'Villager was slain by Kovid63'
[19:32:25] [Server thread/INFO]: Villager bxz['Villager'/11675, l='ServerLevel[world]', x=-1072.11, y=67.23, z=-1814.70] died, message: 'Villager was slain by Kovid63'
[19:38:35] [Server thread/INFO]: Kovid63 lost connection: Disconnected
[19:38:35] [Server thread/INFO]: Kovid63 left the game
